2026-06-26 15:59:58 - codioum_bot - INFO - Bot initialized successfully.
2026-06-26 15:59:58 - codioum_bot - INFO - Start handlers registered.
2026-06-26 15:59:58 - codioum_bot - INFO - AI chat handlers registered.
2026-06-26 15:59:58 - codioum_bot - INFO - Weather handlers registered.
2026-06-26 15:59:58 - codioum_bot - INFO - Games handlers registered.
2026-06-26 16:00:05 - codioum_bot - DEBUG - History event added for user 5884578838: action
2026-06-26 16:00:08 - codioum_bot - DEBUG - User 5884578838 opened games menu.
2026-06-26 16:00:13 - codioum_bot - DEBUG - User state reset for user 5884578838
2026-06-26 16:00:15 - codioum_bot - DEBUG - User 5884578838 returned to main menu.
2026-06-26 16:02:00 - codioum_bot - DEBUG - User 5884578838 mode set to: weather
2026-06-26 16:02:00 - codioum_bot - DEBUG - User 5884578838 entered weather mode.
2026-06-26 16:02:02 - codioum_bot - DEBUG - User state reset for user 5884578838
2026-06-26 16:02:03 - codioum_bot - DEBUG - User 5884578838 returned to main menu.
2026-06-26 16:02:09 - codioum_bot - DEBUG - History event added for user 5884578838: action
2026-06-26 16:02:09 - codioum_bot - DEBUG - User 5884578838 opened games menu.
2026-06-26 16:02:11 - codioum_bot - DEBUG - User state reset for user 5884578838
2026-06-26 16:02:13 - codioum_bot - DEBUG - User 5884578838 returned to main menu.
2026-06-26 16:02:13 - codioum_bot - DEBUG - User state reset for user 5884578838
2026-06-26 16:02:13 - codioum_bot - DEBUG - User 5884578838 returned to main menu.
2026-06-26 16:02:27 - codioum_bot - DEBUG - User 5884578838 mode set to: weather
2026-06-26 16:02:27 - codioum_bot - DEBUG - User 5884578838 entered weather mode.
2026-06-26 16:02:29 - codioum_bot - DEBUG - User state reset for user 5884578838
2026-06-26 16:02:29 - codioum_bot - DEBUG - User 5884578838 returned to main menu.
2026-06-26 16:02:34 - codioum_bot - DEBUG - User state reset for user 5884578838
2026-06-26 16:02:34 - codioum_bot - DEBUG - User 5884578838 started bot.
2026-06-26 16:03:14 - codioum_bot - DEBUG - User 5884578838 mode set to: weather
2026-06-26 16:03:14 - codioum_bot - DEBUG - User 5884578838 entered weather mode.
2026-06-26 16:03:16 - codioum_bot - DEBUG - User state reset for user 5884578838
2026-06-26 16:03:16 - codioum_bot - DEBUG - User 5884578838 returned to main menu.
2026-06-26 16:07:42 - codioum_bot - DEBUG - User 5884578838 mode set to: weather
2026-06-26 16:07:47 - codioum_bot - DEBUG - User 5884578838 mode set to: weather
2026-06-26 16:07:47 - codioum_bot - DEBUG - User 5884578838 entered weather mode.
2026-06-26 16:08:08 - codioum_bot - DEBUG - Location message received from user 5884578838
2026-06-26 16:08:08 - codioum_bot - DEBUG - User 5884578838 mode: weather
2026-06-26 16:08:08 - codioum_bot - DEBUG - Location received from user 5884578838: 30.369426, 52.880797
2026-06-26 16:08:08 - codioum_bot - DEBUG - Location saved for user 5884578838: 30.369426, 52.880797
2026-06-26 16:08:08 - codioum_bot - DEBUG - Location saved for user 5884578838
2026-06-26 16:08:08 - codioum_bot - DEBUG - History event added for user 5884578838: location
2026-06-26 16:08:08 - codioum_bot - DEBUG - Location added to history for user 5884578838
2026-06-26 16:08:08 - codioum_bot - DEBUG - Fetching weather for coordinates: 30.369426, 52.880797
2026-06-26 16:08:10 - codioum_bot - DEBUG - Weather data retrieved successfully.
2026-06-26 16:08:10 - codioum_bot - DEBUG - Weather retrieved for user 5884578838
2026-06-26 16:08:10 - codioum_bot - DEBUG - User 5884578838 mode set to: main
2026-06-26 16:08:10 - codioum_bot - ERROR - Error in weather_location_handler for user 5884578838: HTTPSConnectionPool(host='api.telegram.org', port=443): Max retries exceeded with url: /bot8831798217:AAHZ2oTRlObXnBhsiR89MXpCSczvg3K2Fso/sendMessage?chat_id=5884578838&text=Weather+for+30.375%2C52.875%3A%0ATemperature%3A+26.7%C2%B0C%0AWind+speed%3A+16.9+km%2Fh%0AWind+direction%3A+207%C2%B0%0AWeather+code%3A+0%0AObserved+at%3A+2026-06-26T12%3A30&reply_markup=%7B%22keyboard%22%3A+%5B%5B%7B%22text%22%3A+%22%5Cu2b05%5Cufe0f+Back%22%7D%5D%5D%2C+%22one_time_keyboard%22%3A+true%2C+%22resize_keyboard%22%3A+true%7D&reply_parameters=%7B%22message_id%22%3A+218%7D (Caused by ProxyError('Unable to connect to proxy', RemoteDisconnected('Remote end closed connection without response')))
Traceback (most recent call last):
  File "C:\Users\ASUS.PIESC\AppData\Local\Programs\Python\Python314\Lib\site-packages\urllib3\connectionpool.py", line 788, in urlopen
    response = self._make_request(
        conn,
    ...<10 lines>...
        **response_kw,
    )
  File "C:\Users\ASUS.PIESC\AppData\Local\Programs\Python\Python314\Lib\site-packages\urllib3\connectionpool.py", line 534, in _make_request
    response = conn.getresponse()
  File "C:\Users\ASUS.PIESC\AppData\Local\Programs\Python\Python314\Lib\site-packages\urllib3\connection.py", line 571, in getresponse
    httplib_response = super().getresponse()
  File "C:\Users\ASUS.PIESC\AppData\Local\Programs\Python\Python314\Lib\http\client.py", line 1450, in getresponse
    response.begin()
    ~~~~~~~~~~~~~~^^
  File "C:\Users\ASUS.PIESC\AppData\Local\Programs\Python\Python314\Lib\http\client.py", line 336, in begin
    version, status, reason = self._read_status()
                              ~~~~~~~~~~~~~~~~~^^
  File "C:\Users\ASUS.PIESC\AppData\Local\Programs\Python\Python314\Lib\http\client.py", line 305, in _read_status
    raise RemoteDisconnected("Remote end closed connection without"
                             " response")
http.client.RemoteDisconnected: Remote end closed connection without response

The above exception was the direct cause of the following exception:

urllib3.exceptions.ProxyError: ('Unable to connect to proxy', RemoteDisconnected('Remote end closed connection without response'))

The above exception was the direct cause of the following exception:

Traceback (most recent call last):
  File "C:\Users\ASUS.PIESC\AppData\Local\Programs\Python\Python314\Lib\site-packages\requests\adapters.py", line 696, in send
    resp = conn.urlopen(
        method=request.method,
    ...<9 lines>...
        chunked=chunked,
    )
  File "C:\Users\ASUS.PIESC\AppData\Local\Programs\Python\Python314\Lib\site-packages\urllib3\connectionpool.py", line 842, in urlopen
    retries = retries.increment(
        method, url, error=new_e, _pool=self, _stacktrace=sys.exc_info()[2]
    )
  File "C:\Users\ASUS.PIESC\AppData\Local\Programs\Python\Python314\Lib\site-packages\urllib3\util\retry.py", line 543, in increment
    raise MaxRetryError(_pool, url, reason) from reason  # type: ignore[arg-type]
    ^^^^^^^^^^^^^^^^^^^^^^^^^^^^^^^^^^^^^^^^^^^^^^^^^^^
urllib3.exceptions.MaxRetryError: HTTPSConnectionPool(host='api.telegram.org', port=443): Max retries exceeded with url: /bot8831798217:AAHZ2oTRlObXnBhsiR89MXpCSczvg3K2Fso/sendMessage?chat_id=5884578838&text=Weather+for+30.375%2C52.875%3A%0ATemperature%3A+26.7%C2%B0C%0AWind+speed%3A+16.9+km%2Fh%0AWind+direction%3A+207%C2%B0%0AWeather+code%3A+0%0AObserved+at%3A+2026-06-26T12%3A30&reply_markup=%7B%22keyboard%22%3A+%5B%5B%7B%22text%22%3A+%22%5Cu2b05%5Cufe0f+Back%22%7D%5D%5D%2C+%22one_time_keyboard%22%3A+true%2C+%22resize_keyboard%22%3A+true%7D&reply_parameters=%7B%22message_id%22%3A+218%7D (Caused by ProxyError('Unable to connect to proxy', RemoteDisconnected('Remote end closed connection without response')))

During handling of the above exception, another exception occurred:

Traceback (most recent call last):
  File "C:\Users\ASUS.PIESC\Downloads\codioum_bot\handlers\weather.py", line 64, in weather_location_handler
    bot.reply_to(
    ~~~~~~~~~~~~^
        message,
        ^^^^^^^^
        weather_text,
        ^^^^^^^^^^^^^
        reply_markup=get_back_menu()
        ^^^^^^^^^^^^^^^^^^^^^^^^^^^^
    )
    ^
  File "C:\Users\ASUS.PIESC\AppData\Local\Programs\Python\Python314\Lib\site-packages\telebot\__init__.py", line 6788, in reply_to
    return self.send_message(message.chat.id, text, reply_parameters=reply_parameters, **kwargs)
           ~~~~~~~~~~~~~~~~~^^^^^^^^^^^^^^^^^^^^^^^^^^^^^^^^^^^^^^^^^^^^^^^^^^^^^^^^^^^^^^^^^^^^
  File "C:\Users\ASUS.PIESC\AppData\Local\Programs\Python\Python314\Lib\site-packages\telebot\__init__.py", line 1884, in send_message
    apihelper.send_message(
    ~~~~~~~~~~~~~~~~~~~~~~^
        self.token, chat_id, text,
        ^^^^^^^^^^^^^^^^^^^^^^^^^^
    ...<4 lines>...
        suggested_post_parameters=suggested_post_parameters
        ^^^^^^^^^^^^^^^^^^^^^^^^^^^^^^^^^^^^^^^^^^^^^^^^^^^
    )
    ^
  File "C:\Users\ASUS.PIESC\AppData\Local\Programs\Python\Python314\Lib\site-packages\telebot\apihelper.py", line 282, in send_message
    return _make_request(token, method_url, params=payload, method='post')
  File "C:\Users\ASUS.PIESC\AppData\Local\Programs\Python\Python314\Lib\site-packages\telebot\apihelper.py", line 162, in _make_request
    result = _get_req_session().request(
        method, request_url, params=params, files=files,
        timeout=(connect_timeout, read_timeout), proxies=proxy)
  File "C:\Users\ASUS.PIESC\AppData\Local\Programs\Python\Python314\Lib\site-packages\requests\sessions.py", line 651, in request
    resp = self.send(prep, **send_kwargs)
  File "C:\Users\ASUS.PIESC\AppData\Local\Programs\Python\Python314\Lib\site-packages\requests\sessions.py", line 784, in send
    r = adapter.send(request, **kwargs)
  File "C:\Users\ASUS.PIESC\AppData\Local\Programs\Python\Python314\Lib\site-packages\requests\adapters.py", line 723, in send
    raise ProxyError(e, request=request)
requests.exceptions.ProxyError: HTTPSConnectionPool(host='api.telegram.org', port=443): Max retries exceeded with url: /bot8831798217:AAHZ2oTRlObXnBhsiR89MXpCSczvg3K2Fso/sendMessage?chat_id=5884578838&text=Weather+for+30.375%2C52.875%3A%0ATemperature%3A+26.7%C2%B0C%0AWind+speed%3A+16.9+km%2Fh%0AWind+direction%3A+207%C2%B0%0AWeather+code%3A+0%0AObserved+at%3A+2026-06-26T12%3A30&reply_markup=%7B%22keyboard%22%3A+%5B%5B%7B%22text%22%3A+%22%5Cu2b05%5Cufe0f+Back%22%7D%5D%5D%2C+%22one_time_keyboard%22%3A+true%2C+%22resize_keyboard%22%3A+true%7D&reply_parameters=%7B%22message_id%22%3A+218%7D (Caused by ProxyError('Unable to connect to proxy', RemoteDisconnected('Remote end closed connection without response')))
2026-06-26 16:09:49 - codioum_bot - DEBUG - User state reset for user 5884578838
2026-06-26 16:09:52 - codioum_bot - DEBUG - User 5884578838 returned to main menu.
2026-06-26 16:09:54 - codioum_bot - DEBUG - User 5884578838 mode set to: weather
2026-06-26 16:09:54 - codioum_bot - DEBUG - User 5884578838 entered weather mode.
2026-06-26 16:10:44 - codioum_bot - DEBUG - Location message received from user 5884578838
2026-06-26 16:10:44 - codioum_bot - DEBUG - User 5884578838 mode: weather
2026-06-26 16:10:44 - codioum_bot - DEBUG - Location received from user 5884578838: 40.642784, -73.947715
2026-06-26 16:10:44 - codioum_bot - DEBUG - Location saved for user 5884578838: 40.642784, -73.947715
2026-06-26 16:10:44 - codioum_bot - DEBUG - Location saved for user 5884578838
2026-06-26 16:10:44 - codioum_bot - DEBUG - History event added for user 5884578838: location
2026-06-26 16:10:44 - codioum_bot - DEBUG - Location added to history for user 5884578838
2026-06-26 16:10:44 - codioum_bot - DEBUG - Fetching weather for coordinates: 40.642784, -73.947715
2026-06-26 16:10:47 - codioum_bot - DEBUG - Weather data retrieved successfully.
2026-06-26 16:10:47 - codioum_bot - DEBUG - Weather retrieved for user 5884578838
2026-06-26 16:10:47 - codioum_bot - DEBUG - User 5884578838 mode set to: main
2026-06-26 16:10:49 - codioum_bot - DEBUG - Weather response sent to user 5884578838
