2026-06-26 16:11:55 - codioum_bot - INFO - Bot initialized successfully.
2026-06-26 16:11:55 - codioum_bot - INFO - Start handlers registered.
2026-06-26 16:11:55 - codioum_bot - INFO - AI chat handlers registered.
2026-06-26 16:11:55 - codioum_bot - INFO - Weather handlers registered.
2026-06-26 16:11:55 - codioum_bot - INFO - Games handlers registered.
2026-06-26 16:12:01 - codioum_bot - DEBUG - User state reset for user 5884578838
2026-06-26 16:12:03 - codioum_bot - DEBUG - User 5884578838 returned to main menu.
2026-06-26 16:12:11 - codioum_bot - DEBUG - History event added for user 5884578838: action
2026-06-26 16:12:13 - codioum_bot - DEBUG - User 5884578838 opened games menu.
2026-06-26 16:12:14 - codioum_bot - DEBUG - User state reset for user 5884578838
2026-06-26 16:12:15 - codioum_bot - DEBUG - User 5884578838 returned to main menu.
2026-06-26 16:12:54 - codioum_bot - DEBUG - User 5884578838 mode set to: weather
2026-06-26 16:12:54 - codioum_bot - DEBUG - User 5884578838 entered weather mode.
2026-06-26 16:13:28 - codioum_bot - DEBUG - Location message received from user 5884578838
2026-06-26 16:13:28 - codioum_bot - DEBUG - User 5884578838 mode: weather
2026-06-26 16:13:28 - codioum_bot - DEBUG - Location received from user 5884578838: 50.980387, 11.032685
2026-06-26 16:13:28 - codioum_bot - DEBUG - Location saved for user 5884578838: 50.980387, 11.032685
2026-06-26 16:13:28 - codioum_bot - DEBUG - Location saved for user 5884578838
2026-06-26 16:13:28 - codioum_bot - DEBUG - History event added for user 5884578838: location
2026-06-26 16:13:28 - codioum_bot - DEBUG - Location added to history for user 5884578838
2026-06-26 16:13:28 - codioum_bot - DEBUG - Fetching weather for coordinates: 50.980387, 11.032685
2026-06-26 16:13:30 - codioum_bot - DEBUG - Weather data retrieved successfully.
2026-06-26 16:13:30 - codioum_bot - DEBUG - Weather retrieved for user 5884578838
2026-06-26 16:13:30 - codioum_bot - DEBUG - User 5884578838 mode set to: main
2026-06-26 16:13:30 - codioum_bot - DEBUG - Weather response sent to user 5884578838
