2026-06-26 16:27:07 - codioum_bot - INFO - Bot initialized successfully.
2026-06-26 16:27:07 - codioum_bot - INFO - Start handlers registered.
2026-06-26 16:27:07 - codioum_bot - INFO - AI chat handlers registered.
2026-06-26 16:27:07 - codioum_bot - INFO - Weather handlers registered.
2026-06-26 16:27:07 - codioum_bot - INFO - Games handlers registered.
2026-06-26 16:27:35 - codioum_bot - DEBUG - User state reset for user 5884578838
2026-06-26 16:27:37 - codioum_bot - DEBUG - User 5884578838 returned to main menu.
2026-06-26 16:27:38 - codioum_bot - DEBUG - User 5884578838 mode set to: chat
2026-06-26 16:27:39 - codioum_bot - DEBUG - User 5884578838 entered AI chat mode.
2026-06-26 16:27:49 - codioum_bot - DEBUG - Processing chat for user 5884578838: My name is amirmohammad...
2026-06-26 16:27:49 - codioum_bot - DEBUG - Processing AI request for user message: My name is amirmohammad...
2026-06-26 16:28:01 - codioum_bot - DEBUG - AI response generated successfully.
2026-06-26 16:28:01 - codioum_bot - DEBUG - History event added for user 5884578838: ai_chat
2026-06-26 16:28:01 - codioum_bot - DEBUG - History event added for user 5884578838: ai_chat
2026-06-26 16:28:01 - codioum_bot - DEBUG - History event added for user 5884578838: action
2026-06-26 16:28:03 - codioum_bot - DEBUG - AI response sent to user 5884578838
2026-06-26 16:28:10 - codioum_bot - DEBUG - Processing chat for user 5884578838: What is my name?...
2026-06-26 16:28:10 - codioum_bot - DEBUG - Processing AI request for user message: What is my name?...
2026-06-26 16:28:23 - codioum_bot - DEBUG - AI response generated successfully.
2026-06-26 16:28:23 - codioum_bot - DEBUG - History event added for user 5884578838: ai_chat
2026-06-26 16:28:23 - codioum_bot - DEBUG - History event added for user 5884578838: ai_chat
2026-06-26 16:28:23 - codioum_bot - DEBUG - History event added for user 5884578838: action
2026-06-26 16:28:23 - codioum_bot - DEBUG - AI response sent to user 5884578838
2026-06-26 16:30:01 - codioum_bot - DEBUG - User state reset for user 5884578838
2026-06-26 16:30:01 - codioum_bot - DEBUG - User 5884578838 returned to main menu.
2026-06-26 16:31:27 - codioum_bot - DEBUG - User 5636991076 mode set to: weather
2026-06-26 16:31:27 - codioum_bot - DEBUG - User 5636991076 entered weather mode.
2026-06-26 16:32:01 - codioum_bot - DEBUG - Location message received from user 5636991076
2026-06-26 16:32:01 - codioum_bot - DEBUG - User 5636991076 mode: weather
2026-06-26 16:32:01 - codioum_bot - DEBUG - Location received from user 5636991076: 27.508447, 83.853477
2026-06-26 16:32:01 - codioum_bot - DEBUG - Location saved for user 5636991076: 27.508447, 83.853477
2026-06-26 16:32:01 - codioum_bot - DEBUG - Location saved for user 5636991076
2026-06-26 16:32:01 - codioum_bot - DEBUG - History event added for user 5636991076: location
2026-06-26 16:32:01 - codioum_bot - DEBUG - Location added to history for user 5636991076
2026-06-26 16:32:01 - codioum_bot - DEBUG - Fetching weather for coordinates: 27.508447, 83.853477
2026-06-26 16:32:03 - codioum_bot - DEBUG - Weather data retrieved successfully.
2026-06-26 16:32:03 - codioum_bot - DEBUG - Weather retrieved for user 5636991076
2026-06-26 16:32:03 - codioum_bot - DEBUG - User 5636991076 mode set to: main
2026-06-26 16:32:03 - codioum_bot - DEBUG - Weather response sent to user 5636991076
2026-06-26 16:32:07 - codioum_bot - DEBUG - User state reset for user 5636991076
2026-06-26 16:32:07 - codioum_bot - DEBUG - User 5636991076 returned to main menu.
2026-06-26 16:32:16 - codioum_bot - DEBUG - History event added for user 5636991076: action
2026-06-26 16:32:16 - codioum_bot - DEBUG - User 5636991076 opened games menu.
2026-06-26 16:32:19 - codioum_bot - DEBUG - User state reset for user 5636991076
2026-06-26 16:32:20 - codioum_bot - DEBUG - User 5636991076 returned to main menu.
